-- Using flag -std=c++17.
-- Found ament_cmake: 1.3.8 (/opt/ros/humble/share/ament_cmake/cmake)
-- Found Python3: /usr/bin/python3 (found version "3.10.12") found components: Interpreter 
-- Override CMake install command with custom implementation using symlinks instead of copying resources
-- Found rclcpp: 16.0.8 (/opt/ros/humble/share/rclcpp/cmake)
-- Found rosidl_generator_c: 3.1.5 (/opt/ros/humble/share/rosidl_generator_c/cmake)
-- Found rosidl_adapter: 3.1.5 (/opt/ros/humble/share/rosidl_adapter/cmake)
-- Found rosidl_generator_cpp: 3.1.5 (/opt/ros/humble/share/rosidl_generator_cpp/cmake)
-- Using all available rosidl_typesupport_c: rosidl_typesupport_fastrtps_c;rosidl_typesupport_introspection_c
-- Using all available rosidl_typesupport_cpp: rosidl_typesupport_fastrtps_cpp;rosidl_typesupport_introspection_cpp
-- Found rmw_implementation_cmake: 6.1.1 (/opt/ros/humble/share/rmw_implementation_cmake/cmake)
-- Found rmw_fastrtps_cpp: 6.2.6 (/opt/ros/humble/share/rmw_fastrtps_cpp/cmake)
-- Found OpenSSL: /usr/lib/x86_64-linux-gnu/libcrypto.so (found version "3.0.2")  
-- Found FastRTPS: /opt/ros/humble/include  
-- Using RMW implementation 'rmw_fastrtps_cpp' as default
-- Looking for pthread.h
-- Looking for pthread.h - found
-- Performing Test CMAKE_HAVE_LIBC_PTHREAD
-- Performing Test CMAKE_HAVE_LIBC_PTHREAD - Success
-- Found Threads: TRUE  
-- Found rclpy: 3.3.12 (/opt/ros/humble/share/rclpy/cmake)
-- Found sensor_msgs: 4.2.3 (/opt/ros/humble/share/sensor_msgs/cmake)
-- Found cv_bridge: 3.2.1 (/opt/ros/humble/share/cv_bridge/cmake)
-- Found OpenCV: /usr (found suitable version "4.5.4", minimum required is "4.2") 
-- Found image_transport: 3.1.8 (/opt/ros/humble/share/image_transport/cmake)
-- Found nav_msgs: 4.2.3 (/opt/ros/humble/share/nav_msgs/cmake)
-- Configuring done
-- Generating done
-- Build files have been written to: /ros2_test/build/ros2_orb_slam3
[  6%] [32mBuilding CXX object CMakeFiles/orb_slam3_lib.dir/orb_slam3/src/System.cc.o[0m
[  6%] [32mBuilding CXX object CMakeFiles/orb_slam3_lib.dir/orb_slam3/src/Tracking.cc.o[0m
[  9%] [32mBuilding CXX object CMakeFiles/orb_slam3_lib.dir/orb_slam3/src/LocalMapping.cc.o[0m
[ 12%] [32mBuilding CXX object CMakeFiles/orb_slam3_lib.dir/orb_slam3/src/LoopClosing.cc.o[0m
[ 15%] [32mBuilding CXX object CMakeFiles/orb_slam3_lib.dir/orb_slam3/src/ORBextractor.cc.o[0m
[ 18%] [32mBuilding CXX object CMakeFiles/orb_slam3_lib.dir/orb_slam3/src/ORBmatcher.cc.o[0m
[ 21%] [32mBuilding CXX object CMakeFiles/orb_slam3_lib.dir/orb_slam3/src/FrameDrawer.cc.o[0m
[ 25%] [32mBuilding CXX object CMakeFiles/orb_slam3_lib.dir/orb_slam3/src/KeyFrame.cc.o[0m
[ 28%] [32mBuilding CXX object CMakeFiles/orb_slam3_lib.dir/orb_slam3/src/MapPoint.cc.o[0m
[ 31%] [32mBuilding CXX object CMakeFiles/orb_slam3_lib.dir/orb_slam3/src/Atlas.cc.o[0m
[ 34%] [32mBuilding CXX object CMakeFiles/orb_slam3_lib.dir/orb_slam3/src/Map.cc.o[0m
[ 37%] [32mBuilding CXX object CMakeFiles/orb_slam3_lib.dir/orb_slam3/src/Optimizer.cc.o[0m
[ 40%] [32mBuilding CXX object CMakeFiles/orb_slam3_lib.dir/orb_slam3/src/Converter.cc.o[0m
[ 43%] [32mBuilding CXX object CMakeFiles/orb_slam3_lib.dir/orb_slam3/src/Frame.cc.o[0m
[ 46%] [32mBuilding CXX object CMakeFiles/orb_slam3_lib.dir/orb_slam3/src/MapDrawer.cc.o[0m
[ 46%] Built target ament_cmake_python_symlink_ros2_orb_slam3
[ 50%] [32mBuilding CXX object CMakeFiles/orb_slam3_lib.dir/orb_slam3/src/KeyFrameDatabase.cc.o[0m
[ 53%] [32mBuilding CXX object CMakeFiles/orb_slam3_lib.dir/orb_slam3/src/Sim3Solver.cc.o[0m
running egg_info
creating ros2_orb_slam3.egg-info
writing ros2_orb_slam3.egg-info/PKG-INFO
writing dependency_links to ros2_orb_slam3.egg-info/dependency_links.txt
writing top-level names to ros2_orb_slam3.egg-info/top_level.txt
writing manifest file 'ros2_orb_slam3.egg-info/SOURCES.txt'
reading manifest file 'ros2_orb_slam3.egg-info/SOURCES.txt'
writing manifest file 'ros2_orb_slam3.egg-info/SOURCES.txt'
[ 53%] Built target ament_cmake_python_build_ros2_orb_slam3_egg
[ 56%] [32mBuilding CXX object CMakeFiles/orb_slam3_lib.dir/orb_slam3/src/Viewer.cc.o[0m
[ 59%] [32mBuilding CXX object CMakeFiles/orb_slam3_lib.dir/orb_slam3/src/ImuTypes.cc.o[0m
[ 62%] [32mBuilding CXX object CMakeFiles/orb_slam3_lib.dir/orb_slam3/src/G2oTypes.cc.o[0m
[ 65%] [32mBuilding CXX object CMakeFiles/orb_slam3_lib.dir/orb_slam3/src/CameraModels/Pinhole.cpp.o[0m
[ 68%] [32mBuilding CXX object CMakeFiles/orb_slam3_lib.dir/orb_slam3/src/CameraModels/KannalaBrandt8.cpp.o[0m
[ 71%] [32mBuilding CXX object CMakeFiles/orb_slam3_lib.dir/orb_slam3/src/OptimizableTypes.cpp.o[0m
[ 75%] [32mBuilding CXX object CMakeFiles/orb_slam3_lib.dir/orb_slam3/src/MLPnPsolver.cpp.o[0m
[ 78%] [32mBuilding CXX object CMakeFiles/orb_slam3_lib.dir/orb_slam3/src/GeometricTools.cc.o[0m
[ 81%] [32mBuilding CXX object CMakeFiles/orb_slam3_lib.dir/orb_slam3/src/TwoViewReconstruction.cc.o[0m
[ 84%] [32mBuilding CXX object CMakeFiles/orb_slam3_lib.dir/orb_slam3/src/Config.cc.o[0m
[ 87%] [32mBuilding CXX object CMakeFiles/orb_slam3_lib.dir/orb_slam3/src/Settings.cc.o[0m
[ 90%] [32m[1mLinking CXX shared library liborb_slam3_lib.so[0m
[ 90%] Built target orb_slam3_lib
[ 96%] [32mBuilding CXX object CMakeFiles/mono_node_cpp.dir/src/common.cpp.o[0m
[ 96%] [32mBuilding CXX object CMakeFiles/mono_node_cpp.dir/src/mono_example.cpp.o[0m
[100%] [32m[1mLinking CXX executable mono_node_cpp[0m
[100%] Built target mono_node_cpp
-- Install configuration: ""
-- Execute custom install script
-- Symlinking: /ros2_test/install/ros2_orb_slam3/lib/libDBoW2.so
-- Symlinking: /ros2_test/install/ros2_orb_slam3/lib/libg2o.so
-- Symlinking: /ros2_test/install/ros2_orb_slam3/include/ros2_orb_slam3/common.hpp
-- Symlinking: /ros2_test/install/ros2_orb_slam3/include/ros2_orb_slam3/common_anna_2025-05-27.hpp
-- Symlinking: /ros2_test/install/ros2_orb_slam3/include/ros2_orb_slam3/common_gabor_2025-05-27.cpp
-- Symlinking: /ros2_test/install/ros2_orb_slam3/share/ros2_orb_slam3/environment/pythonpath.sh
-- Symlinking: /ros2_test/install/ros2_orb_slam3/share/ros2_orb_slam3/environment/pythonpath.dsv
-- Symlinking: /ros2_test/install/ros2_orb_slam3/local/lib/python3.10/dist-packages/ros2_orb_slam3-1.0.0-py3.10.egg-info/PKG-INFO
-- Symlinking: /ros2_test/install/ros2_orb_slam3/local/lib/python3.10/dist-packages/ros2_orb_slam3-1.0.0-py3.10.egg-info/SOURCES.txt
-- Symlinking: /ros2_test/install/ros2_orb_slam3/local/lib/python3.10/dist-packages/ros2_orb_slam3-1.0.0-py3.10.egg-info/dependency_links.txt
-- Symlinking: /ros2_test/install/ros2_orb_slam3/local/lib/python3.10/dist-packages/ros2_orb_slam3-1.0.0-py3.10.egg-info/top_level.txt
-- Symlinking: /ros2_test/install/ros2_orb_slam3/local/lib/python3.10/dist-packages/ros2_orb_slam3/__init__.py
-- Symlinking: /ros2_test/install/ros2_orb_slam3/lib/ros2_orb_slam3/mono_driver_node.py
-- Symlinking: /ros2_test/install/ros2_orb_slam3/share/ament_index/resource_index/package_run_dependencies/ros2_orb_slam3
-- Symlinking: /ros2_test/install/ros2_orb_slam3/share/ament_index/resource_index/parent_prefix_path/ros2_orb_slam3
-- Symlinking: /ros2_test/install/ros2_orb_slam3/share/ros2_orb_slam3/environment/ament_prefix_path.sh
-- Symlinking: /ros2_test/install/ros2_orb_slam3/share/ros2_orb_slam3/environment/ament_prefix_path.dsv
-- Symlinking: /ros2_test/install/ros2_orb_slam3/share/ros2_orb_slam3/environment/path.sh
-- Symlinking: /ros2_test/install/ros2_orb_slam3/share/ros2_orb_slam3/environment/path.dsv
-- Symlinking: /ros2_test/install/ros2_orb_slam3/share/ros2_orb_slam3/local_setup.bash
-- Symlinking: /ros2_test/install/ros2_orb_slam3/share/ros2_orb_slam3/local_setup.sh
-- Symlinking: /ros2_test/install/ros2_orb_slam3/share/ros2_orb_slam3/local_setup.zsh
-- Symlinking: /ros2_test/install/ros2_orb_slam3/share/ros2_orb_slam3/local_setup.dsv
-- Symlinking: /ros2_test/install/ros2_orb_slam3/share/ros2_orb_slam3/package.dsv
-- Symlinking: /ros2_test/install/ros2_orb_slam3/share/ament_index/resource_index/packages/ros2_orb_slam3
-- Symlinking: /ros2_test/install/ros2_orb_slam3/share/ros2_orb_slam3/cmake/ament_cmake_export_include_directories-extras.cmake
-- Symlinking: /ros2_test/install/ros2_orb_slam3/share/ros2_orb_slam3/cmake/ament_cmake_export_dependencies-extras.cmake
-- Symlinking: /ros2_test/install/ros2_orb_slam3/share/ros2_orb_slam3/cmake/ros2_orb_slam3Config.cmake
-- Symlinking: /ros2_test/install/ros2_orb_slam3/share/ros2_orb_slam3/cmake/ros2_orb_slam3Config-version.cmake
-- Symlinking: /ros2_test/install/ros2_orb_slam3/share/ros2_orb_slam3/package.xml
-- Installing: /ros2_test/install/ros2_orb_slam3/lib/ros2_orb_slam3/mono_node_cpp
-- Set runtime path of "/ros2_test/install/ros2_orb_slam3/lib/ros2_orb_slam3/mono_node_cpp" to ""
-- Installing: /ros2_test/install/ros2_orb_slam3/lib/liborb_slam3_lib.so.
-- Set runtime path of "/ros2_test/install/ros2_orb_slam3/lib/liborb_slam3_lib.so." to ""
-- Installing: /ros2_test/install/ros2_orb_slam3/lib/liborb_slam3_lib.so
Listing '/ros2_test/install/ros2_orb_slam3/local/lib/python3.10/dist-packages/ros2_orb_slam3'...
Compiling '/ros2_test/install/ros2_orb_slam3/local/lib/python3.10/dist-packages/ros2_orb_slam3/__init__.py'...
