[0.822s] DEBUG:colcon:Command line arguments: ['/usr/local/bin/colcon', 'build', '--symlink-install']
[0.822s] DEBUG:colcon:Parsed command line arguments: Namespace(log_base=None, log_level=None, verb_name='build', build_base='build', install_base='install', merge_install=False, symlink_install=True, test_result_base=None, continue_on_error=False, executor='parallel', parallel_workers=16, event_handlers=None, ignore_user_meta=False, metas=['./colcon.meta'], base_paths=['.'], packages_ignore=None, packages_ignore_regex=None, paths=None, packages_up_to=None, packages_up_to_regex=None, packages_above=None, packages_above_and_dependencies=None, packages_above_depth=None, packages_select_by_dep=None, packages_skip_by_dep=None, packages_skip_up_to=None, packages_select_build_failed=False, packages_skip_build_finished=False, packages_select_test_failures=False, packages_skip_test_passed=False, packages_select=None, packages_skip=None, packages_select_regex=None, packages_skip_regex=None, packages_start=None, packages_end=None, cmake_args=None, cmake_target=None, cmake_target_skip_unavailable=False, cmake_clean_cache=False, cmake_clean_first=False, cmake_force_configure=False, ament_cmake_args=None, catkin_cmake_args=None, catkin_skip_building_tests=False, verb_parser=<colcon_defaults.argument_parser.defaults.DefaultArgumentsDecorator object at 0x7fed7f514310>, verb_extension=<colcon_core.verb.build.BuildVerb object at 0x7fed7f516830>, main=<bound method BuildVerb.main of <colcon_core.verb.build.BuildVerb object at 0x7fed7f516830>>)
[0.856s] Level 1:colcon.colcon_core.package_discovery:discover_packages(colcon_meta) check parameters
[0.856s] Level 1:colcon.colcon_core.package_discovery:discover_packages(recursive) check parameters
[0.856s] Level 1:colcon.colcon_core.package_discovery:discover_packages(ignore) check parameters
[0.856s] Level 1:colcon.colcon_core.package_discovery:discover_packages(path) check parameters
[0.856s] Level 1:colcon.colcon_core.package_discovery:discover_packages(colcon_meta) discover
[0.856s] Level 1:colcon.colcon_core.package_discovery:discover_packages(recursive) discover
[0.856s] INFO:colcon.colcon_core.package_discovery:Crawling recursively for packages in '/ros2_test'
[0.856s] Level 1:colcon.colcon_core.package_identification:_identify(.) by extensions ['ignore', 'ignore_ament_install']
[0.856s] Level 1:colcon.colcon_core.package_identification:_identify(.) by extension 'ignore'
[0.856s] Level 1:colcon.colcon_core.package_identification:_identify(.) by extension 'ignore_ament_install'
[0.856s] Level 1:colcon.colcon_core.package_identification:_identify(.) by extensions ['colcon_pkg']
[0.856s] Level 1:colcon.colcon_core.package_identification:_identify(.) by extension 'colcon_pkg'
[0.856s] Level 1:colcon.colcon_core.package_identification:_identify(.) by extensions ['colcon_meta']
[0.856s] Level 1:colcon.colcon_core.package_identification:_identify(.) by extension 'colcon_meta'
[0.856s] Level 1:colcon.colcon_core.package_identification:_identify(.) by extensions ['ros']
[0.856s] Level 1:colcon.colcon_core.package_identification:_identify(.) by extension 'ros'
[0.864s] Level 1:colcon.colcon_core.package_identification:_identify(.) by extensions ['cmake', 'python']
[0.864s] Level 1:colcon.colcon_core.package_identification:_identify(.) by extension 'cmake'
[0.864s] Level 1:colcon.colcon_core.package_identification:_identify(.) by extension 'python'
[0.864s] Level 1:colcon.colcon_core.package_identification:_identify(.) by extensions ['python_setup_py']
[0.864s] Level 1:colcon.colcon_core.package_identification:_identify(.) by extension 'python_setup_py'
[0.864s] Level 1:colcon.colcon_core.package_identification:_identify(build) by extensions ['ignore', 'ignore_ament_install']
[0.864s] Level 1:colcon.colcon_core.package_identification:_identify(build) by extension 'ignore'
[0.864s] Level 1:colcon.colcon_core.package_identification:_identify(build) ignored
[0.865s] Level 1:colcon.colcon_core.package_identification:_identify(front) by extensions ['ignore', 'ignore_ament_install']
[0.865s] Level 1:colcon.colcon_core.package_identification:_identify(front) by extension 'ignore'
[0.865s] Level 1:colcon.colcon_core.package_identification:_identify(front) by extension 'ignore_ament_install'
[0.865s] Level 1:colcon.colcon_core.package_identification:_identify(front) by extensions ['colcon_pkg']
[0.865s] Level 1:colcon.colcon_core.package_identification:_identify(front) by extension 'colcon_pkg'
[0.865s] Level 1:colcon.colcon_core.package_identification:_identify(front) by extensions ['colcon_meta']
[0.865s] Level 1:colcon.colcon_core.package_identification:_identify(front) by extension 'colcon_meta'
[0.865s] Level 1:colcon.colcon_core.package_identification:_identify(front) by extensions ['ros']
[0.865s] Level 1:colcon.colcon_core.package_identification:_identify(front) by extension 'ros'
[0.866s] Level 1:colcon.colcon_core.package_identification:_identify(front) by extensions ['cmake', 'python']
[0.866s] Level 1:colcon.colcon_core.package_identification:_identify(front) by extension 'cmake'
[0.866s] Level 1:colcon.colcon_core.package_identification:_identify(front) by extension 'python'
[0.866s] Level 1:colcon.colcon_core.package_identification:_identify(front) by extensions ['python_setup_py']
[0.866s] Level 1:colcon.colcon_core.package_identification:_identify(front) by extension 'python_setup_py'
[0.866s] Level 1:colcon.colcon_core.package_identification:_identify(install) by extensions ['ignore', 'ignore_ament_install']
[0.866s] Level 1:colcon.colcon_core.package_identification:_identify(install) by extension 'ignore'
[0.866s] Level 1:colcon.colcon_core.package_identification:_identify(install) ignored
[0.866s] Level 1:colcon.colcon_core.package_identification:_identify(log) by extensions ['ignore', 'ignore_ament_install']
[0.866s] Level 1:colcon.colcon_core.package_identification:_identify(log) by extension 'ignore'
[0.866s] Level 1:colcon.colcon_core.package_identification:_identify(log) ignored
[0.866s] Level 1:colcon.colcon_core.package_identification:_identify(luxonis) by extensions ['ignore', 'ignore_ament_install']
[0.866s] Level 1:colcon.colcon_core.package_identification:_identify(luxonis) by extension 'ignore'
[0.866s] Level 1:colcon.colcon_core.package_identification:_identify(luxonis) by extension 'ignore_ament_install'
[0.866s] Level 1:colcon.colcon_core.package_identification:_identify(luxonis) by extensions ['colcon_pkg']
[0.866s] Level 1:colcon.colcon_core.package_identification:_identify(luxonis) by extension 'colcon_pkg'
[0.866s] Level 1:colcon.colcon_core.package_identification:_identify(luxonis) by extensions ['colcon_meta']
[0.866s] Level 1:colcon.colcon_core.package_identification:_identify(luxonis) by extension 'colcon_meta'
[0.866s] Level 1:colcon.colcon_core.package_identification:_identify(luxonis) by extensions ['ros']
[0.866s] Level 1:colcon.colcon_core.package_identification:_identify(luxonis) by extension 'ros'
[0.866s] Level 1:colcon.colcon_core.package_identification:_identify(luxonis) by extensions ['cmake', 'python']
[0.866s] Level 1:colcon.colcon_core.package_identification:_identify(luxonis) by extension 'cmake'
[0.866s] Level 1:colcon.colcon_core.package_identification:_identify(luxonis) by extension 'python'
[0.866s] Level 1:colcon.colcon_core.package_identification:_identify(luxonis) by extensions ['python_setup_py']
[0.866s] Level 1:colcon.colcon_core.package_identification:_identify(luxonis) by extension 'python_setup_py'
[0.867s] Level 1:colcon.colcon_core.package_identification:_identify(publishers) by extensions ['ignore', 'ignore_ament_install']
[0.867s] Level 1:colcon.colcon_core.package_identification:_identify(publishers) by extension 'ignore'
[0.867s] Level 1:colcon.colcon_core.package_identification:_identify(publishers) by extension 'ignore_ament_install'
[0.867s] Level 1:colcon.colcon_core.package_identification:_identify(publishers) by extensions ['colcon_pkg']
[0.867s] Level 1:colcon.colcon_core.package_identification:_identify(publishers) by extension 'colcon_pkg'
[0.867s] Level 1:colcon.colcon_core.package_identification:_identify(publishers) by extensions ['colcon_meta']
[0.867s] Level 1:colcon.colcon_core.package_identification:_identify(publishers) by extension 'colcon_meta'
[0.867s] Level 1:colcon.colcon_core.package_identification:_identify(publishers) by extensions ['ros']
[0.867s] Level 1:colcon.colcon_core.package_identification:_identify(publishers) by extension 'ros'
[0.867s] Level 1:colcon.colcon_core.package_identification:_identify(publishers) by extensions ['cmake', 'python']
[0.867s] Level 1:colcon.colcon_core.package_identification:_identify(publishers) by extension 'cmake'
[0.867s] Level 1:colcon.colcon_core.package_identification:_identify(publishers) by extension 'python'
[0.867s] Level 1:colcon.colcon_core.package_identification:_identify(publishers) by extensions ['python_setup_py']
[0.867s] Level 1:colcon.colcon_core.package_identification:_identify(publishers) by extension 'python_setup_py'
[0.867s] Level 1:colcon.colcon_core.package_identification:_identify(src) by extensions ['ignore', 'ignore_ament_install']
[0.867s] Level 1:colcon.colcon_core.package_identification:_identify(src) by extension 'ignore'
[0.867s] Level 1:colcon.colcon_core.package_identification:_identify(src) by extension 'ignore_ament_install'
[0.867s] Level 1:colcon.colcon_core.package_identification:_identify(src) by extensions ['colcon_pkg']
[0.867s] Level 1:colcon.colcon_core.package_identification:_identify(src) by extension 'colcon_pkg'
[0.867s] Level 1:colcon.colcon_core.package_identification:_identify(src) by extensions ['colcon_meta']
[0.867s] Level 1:colcon.colcon_core.package_identification:_identify(src) by extension 'colcon_meta'
[0.867s] Level 1:colcon.colcon_core.package_identification:_identify(src) by extensions ['ros']
[0.867s] Level 1:colcon.colcon_core.package_identification:_identify(src) by extension 'ros'
[0.867s] Level 1:colcon.colcon_core.package_identification:_identify(src) by extensions ['cmake', 'python']
[0.867s] Level 1:colcon.colcon_core.package_identification:_identify(src) by extension 'cmake'
[0.867s] Level 1:colcon.colcon_core.package_identification:_identify(src) by extension 'python'
[0.867s] Level 1:colcon.colcon_core.package_identification:_identify(src) by extensions ['python_setup_py']
[0.867s] Level 1:colcon.colcon_core.package_identification:_identify(src) by extension 'python_setup_py'
[0.868s] Level 1:colcon.colcon_core.package_identification:_identify(src/ros2_orb_slam3) by extensions ['ignore', 'ignore_ament_install']
[0.868s] Level 1:colcon.colcon_core.package_identification:_identify(src/ros2_orb_slam3) by extension 'ignore'
[0.868s] Level 1:colcon.colcon_core.package_identification:_identify(src/ros2_orb_slam3) by extension 'ignore_ament_install'
[0.868s] Level 1:colcon.colcon_core.package_identification:_identify(src/ros2_orb_slam3) by extensions ['colcon_pkg']
[0.868s] Level 1:colcon.colcon_core.package_identification:_identify(src/ros2_orb_slam3) by extension 'colcon_pkg'
[0.868s] Level 1:colcon.colcon_core.package_identification:_identify(src/ros2_orb_slam3) by extensions ['colcon_meta']
[0.868s] Level 1:colcon.colcon_core.package_identification:_identify(src/ros2_orb_slam3) by extension 'colcon_meta'
[0.868s] Level 1:colcon.colcon_core.package_identification:_identify(src/ros2_orb_slam3) by extensions ['ros']
[0.868s] Level 1:colcon.colcon_core.package_identification:_identify(src/ros2_orb_slam3) by extension 'ros'
[0.869s] DEBUG:colcon.colcon_core.package_identification:Package 'src/ros2_orb_slam3' with type 'ros.ament_cmake' and name 'ros2_orb_slam3'
[0.869s] Level 1:colcon.colcon_core.package_discovery:discover_packages(recursive) using defaults
[0.870s] Level 1:colcon.colcon_core.package_discovery:discover_packages(ignore) discover
[0.870s] Level 1:colcon.colcon_core.package_discovery:discover_packages(ignore) using defaults
[0.870s] Level 1:colcon.colcon_core.package_discovery:discover_packages(path) discover
[0.870s] Level 1:colcon.colcon_core.package_discovery:discover_packages(path) using defaults
[0.924s] Level 5:colcon.colcon_core.verb:set package 'ros2_orb_slam3' build argument 'cmake_args' from command line to 'None'
[0.925s] Level 5:colcon.colcon_core.verb:set package 'ros2_orb_slam3' build argument 'cmake_target' from command line to 'None'
[0.925s] Level 5:colcon.colcon_core.verb:set package 'ros2_orb_slam3' build argument 'cmake_target_skip_unavailable' from command line to 'False'
[0.925s] Level 5:colcon.colcon_core.verb:set package 'ros2_orb_slam3' build argument 'cmake_clean_cache' from command line to 'False'
[0.925s] Level 5:colcon.colcon_core.verb:set package 'ros2_orb_slam3' build argument 'cmake_clean_first' from command line to 'False'
[0.925s] Level 5:colcon.colcon_core.verb:set package 'ros2_orb_slam3' build argument 'cmake_force_configure' from command line to 'False'
[0.925s] Level 5:colcon.colcon_core.verb:set package 'ros2_orb_slam3' build argument 'ament_cmake_args' from command line to 'None'
[0.925s] Level 5:colcon.colcon_core.verb:set package 'ros2_orb_slam3' build argument 'catkin_cmake_args' from command line to 'None'
[0.925s] Level 5:colcon.colcon_core.verb:set package 'ros2_orb_slam3' build argument 'catkin_skip_building_tests' from command line to 'False'
[0.925s] DEBUG:colcon.colcon_core.verb:Building package 'ros2_orb_slam3' with the following arguments: {'ament_cmake_args': None, 'build_base': '/ros2_test/build/ros2_orb_slam3', 'catkin_cmake_args': None, 'catkin_skip_building_tests': False, 'cmake_args': None, 'cmake_clean_cache': False, 'cmake_clean_first': False, 'cmake_force_configure': False, 'cmake_target': None, 'cmake_target_skip_unavailable': False, 'install_base': '/ros2_test/install/ros2_orb_slam3', 'merge_install': False, 'path': '/ros2_test/src/ros2_orb_slam3', 'symlink_install': True, 'test_result_base': None}
[0.936s] INFO:colcon.colcon_core.executor:Executing jobs using 'parallel' executor
[0.946s] DEBUG:colcon.colcon_parallel_executor.executor.parallel:run_until_complete
[0.946s] INFO:colcon.colcon_ros.task.ament_cmake.build:Building ROS package in '/ros2_test/src/ros2_orb_slam3' with build type 'ament_cmake'
[0.947s] INFO:colcon.colcon_cmake.task.cmake.build:Building CMake package in '/ros2_test/src/ros2_orb_slam3'
[0.958s] INFO:colcon.colcon_core.plugin_system:Skipping extension 'colcon_core.shell.bat': Not used on non-Windows systems
[0.958s] INFO:colcon.colcon_core.shell:Skip shell extension 'powershell' for command environment: Not usable outside of PowerShell
[0.958s] DEBUG:colcon.colcon_core.shell:Skip shell extension 'dsv' for command environment
[0.985s] DEBUG:colcon.colcon_core.event_handler.log_command:Invoking command in '/ros2_test/build/ros2_orb_slam3': CMAKE_PREFIX_PATH=/opt/ros/humble /usr/bin/cmake /ros2_test/src/ros2_orb_slam3 -DAMENT_CMAKE_SYMLINK_INSTALL=1 -DCMAKE_INSTALL_PREFIX=/ros2_test/install/ros2_orb_slam3
[2.446s] DEBUG:colcon.colcon_core.event_handler.log_command:Invoked command in '/ros2_test/build/ros2_orb_slam3' returned '0': CMAKE_PREFIX_PATH=/opt/ros/humble /usr/bin/cmake /ros2_test/src/ros2_orb_slam3 -DAMENT_CMAKE_SYMLINK_INSTALL=1 -DCMAKE_INSTALL_PREFIX=/ros2_test/install/ros2_orb_slam3
[2.447s] DEBUG:colcon.colcon_core.event_handler.log_command:Invoking command in '/ros2_test/build/ros2_orb_slam3': CMAKE_PREFIX_PATH=/opt/ros/humble /usr/bin/cmake --build /ros2_test/build/ros2_orb_slam3 -- -j16 -l16
[192.389s] DEBUG:colcon.colcon_core.event_handler.log_command:Invoked command in '/ros2_test/build/ros2_orb_slam3' returned '0': CMAKE_PREFIX_PATH=/opt/ros/humble /usr/bin/cmake --build /ros2_test/build/ros2_orb_slam3 -- -j16 -l16
[192.440s] DEBUG:colcon.colcon_core.event_handler.log_command:Invoking command in '/ros2_test/build/ros2_orb_slam3': CMAKE_PREFIX_PATH=/opt/ros/humble /usr/bin/cmake --install /ros2_test/build/ros2_orb_slam3
[192.667s] Level 1:colcon.colcon_core.environment:create_environment_scripts_only(ros2_orb_slam3)
[192.668s] DEBUG:colcon.colcon_core.event_handler.log_command:Invoked command in '/ros2_test/build/ros2_orb_slam3' returned '0': CMAKE_PREFIX_PATH=/opt/ros/humble /usr/bin/cmake --install /ros2_test/build/ros2_orb_slam3
[192.689s] Level 1:colcon.colcon_core.environment:checking '/ros2_test/install/ros2_orb_slam3' for CMake module files
[192.689s] Level 1:colcon.colcon_core.environment:checking '/ros2_test/install/ros2_orb_slam3' for CMake config files
[192.690s] Level 1:colcon.colcon_core.shell:create_environment_hook('ros2_orb_slam3', 'cmake_prefix_path')
[192.700s] INFO:colcon.colcon_core.shell:Creating environment hook '/ros2_test/install/ros2_orb_slam3/share/ros2_orb_slam3/hook/cmake_prefix_path.ps1'
[192.701s] INFO:colcon.colcon_core.shell:Creating environment descriptor '/ros2_test/install/ros2_orb_slam3/share/ros2_orb_slam3/hook/cmake_prefix_path.dsv'
[192.702s] INFO:colcon.colcon_core.shell:Creating environment hook '/ros2_test/install/ros2_orb_slam3/share/ros2_orb_slam3/hook/cmake_prefix_path.sh'
[192.702s] Level 1:colcon.colcon_core.environment:checking '/ros2_test/install/ros2_orb_slam3/lib'
[192.702s] Level 1:colcon.colcon_core.shell:create_environment_hook('ros2_orb_slam3', 'ld_library_path_lib')
[192.713s] INFO:colcon.colcon_core.shell:Creating environment hook '/ros2_test/install/ros2_orb_slam3/share/ros2_orb_slam3/hook/ld_library_path_lib.ps1'
[192.714s] INFO:colcon.colcon_core.shell:Creating environment descriptor '/ros2_test/install/ros2_orb_slam3/share/ros2_orb_slam3/hook/ld_library_path_lib.dsv'
[192.714s] INFO:colcon.colcon_core.shell:Creating environment hook '/ros2_test/install/ros2_orb_slam3/share/ros2_orb_slam3/hook/ld_library_path_lib.sh'
[192.714s] Level 1:colcon.colcon_core.environment:checking '/ros2_test/install/ros2_orb_slam3/bin'
[192.714s] Level 1:colcon.colcon_core.environment:checking '/ros2_test/install/ros2_orb_slam3/lib/pkgconfig/ros2_orb_slam3.pc'
[192.716s] Level 1:colcon.colcon_core.environment:checking '/ros2_test/install/ros2_orb_slam3/lib/python3.10/site-packages'
[192.716s] Level 1:colcon.colcon_core.environment:checking '/ros2_test/install/ros2_orb_slam3/bin'
[192.729s] INFO:colcon.colcon_core.shell:Creating package script '/ros2_test/install/ros2_orb_slam3/share/ros2_orb_slam3/package.ps1'
[192.730s] INFO:colcon.colcon_core.shell:Creating package descriptor '/ros2_test/install/ros2_orb_slam3/share/ros2_orb_slam3/package.dsv'
[192.731s] INFO:colcon.colcon_core.shell:Creating package script '/ros2_test/install/ros2_orb_slam3/share/ros2_orb_slam3/package.sh'
[192.732s] INFO:colcon.colcon_core.shell:Creating package script '/ros2_test/install/ros2_orb_slam3/share/ros2_orb_slam3/package.bash'
[192.733s] INFO:colcon.colcon_core.shell:Creating package script '/ros2_test/install/ros2_orb_slam3/share/ros2_orb_slam3/package.zsh'
[192.733s] Level 1:colcon.colcon_core.environment:create_file_with_runtime_dependencies(/ros2_test/install/ros2_orb_slam3/share/colcon-core/packages/ros2_orb_slam3)
[192.789s] Level 1:colcon.colcon_core.environment:create_environment_scripts_only(ros2_orb_slam3)
[192.799s] Level 1:colcon.colcon_core.environment:checking '/ros2_test/install/ros2_orb_slam3' for CMake module files
[192.800s] Level 1:colcon.colcon_core.environment:checking '/ros2_test/install/ros2_orb_slam3' for CMake config files
[192.800s] Level 1:colcon.colcon_core.shell:create_environment_hook('ros2_orb_slam3', 'cmake_prefix_path')
[192.810s] INFO:colcon.colcon_core.shell:Creating environment hook '/ros2_test/install/ros2_orb_slam3/share/ros2_orb_slam3/hook/cmake_prefix_path.ps1'
[192.810s] INFO:colcon.colcon_core.shell:Creating environment descriptor '/ros2_test/install/ros2_orb_slam3/share/ros2_orb_slam3/hook/cmake_prefix_path.dsv'
[192.810s] INFO:colcon.colcon_core.shell:Creating environment hook '/ros2_test/install/ros2_orb_slam3/share/ros2_orb_slam3/hook/cmake_prefix_path.sh'
[192.811s] Level 1:colcon.colcon_core.environment:checking '/ros2_test/install/ros2_orb_slam3/lib'
[192.811s] Level 1:colcon.colcon_core.shell:create_environment_hook('ros2_orb_slam3', 'ld_library_path_lib')
[192.821s] INFO:colcon.colcon_core.shell:Creating environment hook '/ros2_test/install/ros2_orb_slam3/share/ros2_orb_slam3/hook/ld_library_path_lib.ps1'
[192.821s] INFO:colcon.colcon_core.shell:Creating environment descriptor '/ros2_test/install/ros2_orb_slam3/share/ros2_orb_slam3/hook/ld_library_path_lib.dsv'
[192.821s] INFO:colcon.colcon_core.shell:Creating environment hook '/ros2_test/install/ros2_orb_slam3/share/ros2_orb_slam3/hook/ld_library_path_lib.sh'
[192.821s] Level 1:colcon.colcon_core.environment:checking '/ros2_test/install/ros2_orb_slam3/bin'
[192.821s] Level 1:colcon.colcon_core.environment:checking '/ros2_test/install/ros2_orb_slam3/lib/pkgconfig/ros2_orb_slam3.pc'
[192.821s] Level 1:colcon.colcon_core.environment:checking '/ros2_test/install/ros2_orb_slam3/lib/python3.10/site-packages'
[192.821s] Level 1:colcon.colcon_core.environment:checking '/ros2_test/install/ros2_orb_slam3/bin'
[192.832s] INFO:colcon.colcon_core.shell:Creating package script '/ros2_test/install/ros2_orb_slam3/share/ros2_orb_slam3/package.ps1'
[192.832s] INFO:colcon.colcon_core.shell:Creating package descriptor '/ros2_test/install/ros2_orb_slam3/share/ros2_orb_slam3/package.dsv'
[192.832s] INFO:colcon.colcon_core.shell:Creating package script '/ros2_test/install/ros2_orb_slam3/share/ros2_orb_slam3/package.sh'
[192.832s] INFO:colcon.colcon_core.shell:Creating package script '/ros2_test/install/ros2_orb_slam3/share/ros2_orb_slam3/package.bash'
[192.833s] INFO:colcon.colcon_core.shell:Creating package script '/ros2_test/install/ros2_orb_slam3/share/ros2_orb_slam3/package.zsh'
[192.833s] Level 1:colcon.colcon_core.environment:create_file_with_runtime_dependencies(/ros2_test/install/ros2_orb_slam3/share/colcon-core/packages/ros2_orb_slam3)
[192.833s] DEBUG:colcon.colcon_parallel_executor.executor.parallel:closing loop
[192.833s] DEBUG:colcon.colcon_parallel_executor.executor.parallel:loop closed
[192.833s] DEBUG:colcon.colcon_parallel_executor.executor.parallel:run_until_complete finished with '0'
[192.833s] DEBUG:colcon.colcon_core.event_reactor:joining thread
[192.881s] INFO:colcon.colcon_core.plugin_system:Skipping extension 'colcon_notification.desktop_notification.notify_send': Could not find 'notify-send'
[192.881s] INFO:colcon.colcon_core.plugin_system:Skipping extension 'colcon_notification.desktop_notification.terminal_notifier': Not used on non-Darwin systems
[192.881s] INFO:colcon.colcon_core.plugin_system:Skipping extension 'colcon_notification.desktop_notification.win32': Not used on non-Windows systems
[192.881s] INFO:colcon.colcon_notification.desktop_notification:Sending desktop notification using 'notify2'
[192.888s] DEBUG:colcon.colcon_notification.desktop_notification.notify2:Failed to initialize notify2: org.freedesktop.DBus.Error.Spawn.ExecFailed: /usr/bin/dbus-launch terminated abnormally without any error message
[192.888s] DEBUG:colcon.colcon_core.event_reactor:joined thread
[192.899s] INFO:colcon.colcon_core.shell:Creating prefix script '/ros2_test/install/local_setup.ps1'
[192.899s] INFO:colcon.colcon_core.shell:Creating prefix util module '/ros2_test/install/_local_setup_util_ps1.py'
[192.900s] INFO:colcon.colcon_core.shell:Creating prefix chain script '/ros2_test/install/setup.ps1'
[192.912s] INFO:colcon.colcon_core.shell:Creating prefix script '/ros2_test/install/local_setup.sh'
[192.912s] INFO:colcon.colcon_core.shell:Creating prefix util module '/ros2_test/install/_local_setup_util_sh.py'
[192.912s] INFO:colcon.colcon_core.shell:Creating prefix chain script '/ros2_test/install/setup.sh'
[192.923s] INFO:colcon.colcon_core.shell:Creating prefix script '/ros2_test/install/local_setup.bash'
[192.924s] INFO:colcon.colcon_core.shell:Creating prefix chain script '/ros2_test/install/setup.bash'
[192.935s] INFO:colcon.colcon_core.shell:Creating prefix script '/ros2_test/install/local_setup.zsh'
[192.936s] INFO:colcon.colcon_core.shell:Creating prefix chain script '/ros2_test/install/setup.zsh'
