[0.025s] Invoking command in '/ros2_test/build/ros2_orb_slam3': /usr/bin/cmake /ros2_test/src/ros2_orb_slam3 -DAMENT_CMAKE_SYMLINK_INSTALL=1 -DCMAKE_INSTALL_PREFIX=/ros2_test/install/ros2_orb_slam3
[0.170s] -- The C compiler identification is GNU 11.4.0
[0.215s] -- The CXX compiler identification is GNU 11.4.0
[0.224s] -- Detecting C compiler ABI info
[0.265s] -- Detecting C compiler ABI info - done
[0.270s] -- Check for working C compiler: /usr/bin/cc - skipped
[0.270s] -- Detecting C compile features
[0.271s] -- Detecting C compile features - done
[0.273s] -- Detecting CXX compiler ABI info
[0.320s] -- Detecting CXX compiler ABI info - done
[0.326s] -- Check for working CXX compiler: /usr/bin/c++ - skipped
[0.326s] -- Detecting CXX compile features
[0.327s] -- Detecting CXX compile features - done
[0.332s] -- Performing Test COMPILER_SUPPORTS_CXX17
[0.381s] -- Performing Test COMPILER_SUPPORTS_CXX17 - Success
[0.381s] -- Using flag -std=c++17.
[0.397s] [31mCMake Error at CMakeLists.txt:26 (find_package):
[0.397s]   By not providing "Findament_cmake.cmake" in CMAKE_MODULE_PATH this project
[0.397s]   has asked CMake to find a package configuration file provided by
[0.397s]   "ament_cmake", but CMake did not find one.
[0.397s] 
[0.397s]   Could not find a package configuration file provided by "ament_cmake" with
[0.397s]   any of the following names:
[0.397s] 
[0.397s]     ament_cmakeConfig.cmake
[0.397s]     ament_cmake-config.cmake
[0.397s] 
[0.397s]   Add the installation prefix of "ament_cmake" to CMAKE_PREFIX_PATH or set
[0.397s]   "ament_cmake_DIR" to a directory containing one of the above files.  If
[0.397s]   "ament_cmake" provides a separate development package or SDK, be sure it
[0.398s]   has been installed.
[0.398s] 
[0.398s] -- Configuring incomplete, errors occurred!
[0.398s] See also "/ros2_test/build/ros2_orb_slam3/CMakeFiles/CMakeOutput.log".
[0.398s] [0m
[0.400s] Invoked command in '/ros2_test/build/ros2_orb_slam3' returned '1': /usr/bin/cmake /ros2_test/src/ros2_orb_slam3 -DAMENT_CMAKE_SYMLINK_INSTALL=1 -DCMAKE_INSTALL_PREFIX=/ros2_test/install/ros2_orb_slam3
